TN:
SF:src/funkoapp/funko.ts
FN:4,<instance_members_initializer>
FN:30,Funko
FNF:2
FNH:2
FNDA:4,<instance_members_initializer>
FNDA:4,Funko
DA:1,1
DA:2,1
DA:3,1
DA:4,4
DA:5,4
DA:6,4
DA:7,4
DA:8,4
DA:9,4
DA:10,4
DA:11,4
DA:12,4
DA:13,4
DA:14,4
DA:15,4
DA:16,4
DA:17,4
DA:18,4
DA:19,4
DA:20,4
DA:21,4
DA:22,4
DA:23,4
DA:24,4
DA:25,4
DA:26,4
DA:27,4
DA:28,4
DA:29,4
DA:30,4
DA:31,4
DA:32,4
DA:33,4
DA:34,4
DA:35,4
DA:36,4
DA:37,4
DA:38,4
DA:39,4
DA:40,4
DA:41,4
DA:42,4
LF:42
LH:42
BRDA:4,0,0,4
BRDA:30,1,0,4
BRF:2
BRH:2
end_of_record
TN:
SF:src/funkoapp/funko_app.ts
FN:27,ExisteUsuario
FN:44,ExisteFunko
FN:77,AñadirFunko
FN:108,ModificarFunko
FN:124,EliminarFunko
FN:150,EnseñarFunko
FNF:6
FNH:6
FNDA:2,ExisteUsuario
FNDA:13,ExisteFunko
FNDA:4,AñadirFunko
FNDA:2,ModificarFunko
FNDA:3,EliminarFunko
FNDA:2,EnseñarFunko
DA:1,1
DA:2,1
DA:3,1
DA:4,1
DA:5,1
DA:6,1
DA:7,1
DA:8,1
DA:9,1
DA:10,1
DA:11,1
DA:12,1
DA:13,1
DA:14,1
DA:15,1
DA:16,1
DA:17,1
DA:18,1
DA:19,1
DA:20,1
DA:21,1
DA:22,1
DA:23,1
DA:24,1
DA:25,1
DA:26,1
DA:27,2
DA:28,2
DA:29,2
DA:30,2
DA:31,2
DA:32,1
DA:33,1
DA:34,2
DA:35,1
DA:36,1
DA:37,1
DA:38,1
DA:39,1
DA:40,1
DA:41,1
DA:42,1
DA:43,1
DA:44,13
DA:45,13
DA:46,13
DA:47,13
DA:48,13
DA:49,18
DA:50,18
DA:51,18
DA:52,18
DA:53,18
DA:54,6
DA:55,6
DA:56,18
DA:57,7
DA:58,7
DA:59,7
DA:60,1
DA:61,1
DA:62,1
DA:63,1
DA:64,1
DA:65,1
DA:66,1
DA:67,1
DA:68,1
DA:69,1
DA:70,1
DA:71,1
DA:72,1
DA:73,1
DA:74,1
DA:75,1
DA:76,1
DA:77,4
DA:78,4
DA:79,1
DA:80,4
DA:81,3
DA:82,3
DA:83,3
DA:84,3
DA:85,3
DA:86,3
DA:87,0
DA:88,0
DA:89,3
DA:90,4
DA:91,1
DA:92,1
DA:93,1
DA:94,1
DA:95,1
DA:96,1
DA:97,1
DA:98,1
DA:99,1
DA:100,1
DA:101,1
DA:102,1
DA:103,1
DA:104,1
DA:105,1
DA:106,1
DA:107,1
DA:108,2
DA:109,2
DA:110,1
DA:111,1
DA:112,1
DA:113,1
DA:114,1
DA:115,1
DA:116,2
DA:117,1
DA:118,1
DA:119,1
DA:120,1
DA:121,1
DA:122,1
DA:123,1
DA:124,3
DA:125,3
DA:126,2
DA:127,2
DA:128,2
DA:129,4
DA:130,4
DA:131,4
DA:132,4
DA:133,4
DA:134,2
DA:135,2
DA:136,4
DA:137,2
DA:138,2
DA:139,3
DA:140,1
DA:141,1
DA:142,3
DA:143,1
DA:144,1
DA:145,1
DA:146,1
DA:147,1
DA:148,1
DA:149,1
DA:150,2
DA:151,2
DA:152,1
DA:153,1
DA:154,1
DA:155,1
DA:156,1
DA:157,1
DA:158,1
DA:159,1
DA:160,1
DA:161,1
DA:162,1
DA:163,1
DA:164,1
DA:165,1
DA:166,1
DA:167,1
DA:168,1
DA:169,1
DA:170,1
DA:171,0
DA:172,1
DA:173,0
DA:174,1
DA:175,1
DA:176,1
DA:177,0
DA:178,0
DA:179,1
DA:180,1
DA:181,1
DA:182,1
DA:183,1
DA:184,1
DA:185,1
DA:186,2
LF:186
LH:180
BRDA:27,0,0,2
BRDA:31,1,0,1
BRDA:35,2,0,1
BRDA:44,3,0,13
BRDA:48,4,0,18
BRDA:53,5,0,6
BRDA:57,6,0,7
BRDA:77,7,0,4
BRDA:78,8,0,1
BRDA:80,9,0,3
BRDA:86,10,0,0
BRDA:108,11,0,2
BRDA:109,12,0,1
BRDA:124,13,0,3
BRDA:125,14,0,2
BRDA:128,15,0,4
BRDA:133,16,0,2
BRDA:139,17,0,1
BRDA:150,18,0,2
BRDA:151,19,0,1
BRDA:170,20,0,0
BRDA:172,21,0,0
BRDA:176,22,0,0
BRF:23
BRH:19
end_of_record
